<?xml version="1.0" encoding="UTF-8"?>
<!-- Generated by org.testng.reporters.JUnitReportReporter -->
<testsuite skipped="0" hostname="DESKTOP-O7JA3FJ" name="Demo" tests="1" failures="0" timestamp="2021-02-08T17:31:38 IST" time="0.020" errors="0">
  <testcase name="TC" time="0.020" classname="Demo"/>
  <system-out>
Hi--  </system-out>
</testsuite> <!-- Demo -->
